build/app/intermediates/manifest_merge_blame_file/debug/manifest-merger-blame-debug-report.txt
1<?xml version="1.0" encoding="utf-8"?>
2<manifest xmlns:android="http://schemas.android.com/apk/res/android"
3    package="com.dfa.flutterchatdemo"
4    android:versionCode="1"
5    android:versionName="1.0" >
6
7    <uses-sdk
8        android:minSdkVersion="21"
8-->src\main\AndroidManifest.xml
9        android:targetSdkVersion="28" />
9-->src\main\AndroidManifest.xml
10
11    <uses-permission android:name="android.permission.INTERNET" />
11-->src\main\AndroidManifest.xml:4:5-67
11-->src\main\AndroidManifest.xml:4:22-64
12    <uses-permission android:name="android.permission.VIBRATE" />
12-->src\main\AndroidManifest.xml:5:5-66
12-->src\main\AndroidManifest.xml:5:22-63
13    <uses-permission android:name="android.permission.WAKE_LOCK" />
13-->[:firebase_messaging] AndroidManifest.xml:10:5-68
13-->[:firebase_messaging] AndroidManifest.xml:10:22-65
14    <uses-permission android:name="android.permission.ACCESS_NETWORK_STATE" /> <!-- Permissions options for the `notification` group -->
14-->[:firebase_messaging] AndroidManifest.xml:11:5-79
14-->[:firebase_messaging] AndroidManifest.xml:11:22-76
15    <uses-permission android:name="android.permission.POST_NOTIFICATIONS" />
15-->[:firebase_messaging] AndroidManifest.xml:13:5-77
15-->[:firebase_messaging] AndroidManifest.xml:13:22-74
16    <uses-permission android:name="android.permission.RECEIVE_BOOT_COMPLETED" />
16-->[:flutter_local_notifications] AndroidManifest.xml:9:5-81
16-->[:flutter_local_notifications] AndroidManifest.xml:9:22-78
17    <uses-permission android:name="android.permission.USE_FULL_SCREEN_INTENT" />
17-->[:flutter_local_notifications] AndroidManifest.xml:11:5-81
17-->[:flutter_local_notifications] AndroidManifest.xml:11:22-78
18    <uses-permission android:name="android.permission.SCHEDULE_EXACT_ALARM" /> <!-- Required by older versions of Google Play services to create IID tokens -->
18-->[:flutter_local_notifications] AndroidManifest.xml:12:5-79
18-->[:flutter_local_notifications] AndroidManifest.xml:12:22-76
19    <uses-permission android:name="com.google.android.c2dm.permission.RECEIVE" />
19-->[com.google.firebase:firebase-messaging:23.0.7] AndroidManifest.xml:29:5-82
19-->[com.google.firebase:firebase-messaging:23.0.7] AndroidManifest.xml:29:22-79
20
21    <application
21-->src\main\AndroidManifest.xml:7:5-50:19
22        android:appComponentFactory="androidx.core.app.CoreComponentFactory"
22-->[androidx.core:core:1.8.0] AndroidManifest.xml:24:18-86
23        android:debuggable="true"
24        android:icon="@mipmap/ic_launcher"
24-->src\main\AndroidManifest.xml:8:9-43
25        android:label="flutter_chat_demo" >
25-->src\main\AndroidManifest.xml:9:9-42
26        <meta-data
26-->src\main\AndroidManifest.xml:10:9-12:54
27            android:name="com.google.firebase.messaging.default_notification_icon"
27-->src\main\AndroidManifest.xml:11:13-83
28            android:resource="@mipmap/ic_launcher" />
28-->src\main\AndroidManifest.xml:12:13-51
29
30        <activity
30-->src\main\AndroidManifest.xml:13:9-44:20
31            android:name="com.dfa.flutterchatdemo.MainActivity"
31-->src\main\AndroidManifest.xml:14:13-41
32            android:configChanges="orientation|keyboardHidden|keyboard|screenSize|smallestScreenSize|locale|layoutDirection|fontScale|screenLayout|density|uiMode"
32-->src\main\AndroidManifest.xml:15:13-163
33            android:hardwareAccelerated="true"
33-->src\main\AndroidManifest.xml:16:13-47
34            android:launchMode="singleTop"
34-->src\main\AndroidManifest.xml:17:13-43
35            android:theme="@style/LaunchTheme"
35-->src\main\AndroidManifest.xml:18:13-47
36            android:windowSoftInputMode="adjustResize" >
36-->src\main\AndroidManifest.xml:19:13-55
37
38            <!--
39                 Specifies an Android theme to apply to this Activity as soon as
40                   the Android process has started. This theme is visible to the user
41                   while the Flutter UI initializes. After that, this theme continues
42                   to determine the Window background behind the Flutter UI.
43            -->
44            <meta-data
44-->src\main\AndroidManifest.xml:24:13-26:57
45                android:name="io.flutter.embedding.android.NormalTheme"
45-->src\main\AndroidManifest.xml:25:17-72
46                android:resource="@style/NormalTheme" />
46-->src\main\AndroidManifest.xml:26:17-54
47            <!--
48                 Displays an Android View that continues showing the launch screen
49                 Drawable until Flutter paints its first frame, then this splash
50                 screen fades out. A splash screen is useful to avoid any visual
51                 gap between the end of Android's launch screen and the painting of
52                 Flutter's first frame.
53            -->
54            <meta-data
54-->src\main\AndroidManifest.xml:32:13-34:66
55                android:name="io.flutter.embedding.android.SplashScreenDrawable"
55-->src\main\AndroidManifest.xml:33:17-81
56                android:resource="@drawable/launch_background" />
56-->src\main\AndroidManifest.xml:34:17-63
57
58            <intent-filter>
58-->src\main\AndroidManifest.xml:36:13-39:29
59                <action android:name="android.intent.action.MAIN" />
59-->src\main\AndroidManifest.xml:37:17-69
59-->src\main\AndroidManifest.xml:37:25-66
60
61                <category android:name="android.intent.category.LAUNCHER" />
61-->src\main\AndroidManifest.xml:38:17-77
61-->src\main\AndroidManifest.xml:38:27-74
62            </intent-filter>
63            <intent-filter>
63-->src\main\AndroidManifest.xml:40:13-43:29
64                <action android:name="FLUTTER_NOTIFICATION_CLICK" />
64-->src\main\AndroidManifest.xml:41:17-69
64-->src\main\AndroidManifest.xml:41:25-66
65
66                <category android:name="android.intent.category.DEFAULT" />
66-->src\main\AndroidManifest.xml:42:17-76
66-->src\main\AndroidManifest.xml:42:27-73
67            </intent-filter>
68        </activity>
69        <!--
70             Don't delete the meta-data below.
71                This is used by the Flutter tool to generate GeneratedPluginRegistrant.java
72        -->
73        <meta-data
73-->src\main\AndroidManifest.xml:47:9-49:33
74            android:name="flutterEmbedding"
74-->src\main\AndroidManifest.xml:48:13-44
75            android:value="2" />
75-->src\main\AndroidManifest.xml:49:13-30
76
77        <service
77-->[:cloud_firestore] AndroidManifest.xml:10:9-14:19
78            android:name="com.google.firebase.components.ComponentDiscoveryService"
78-->[:cloud_firestore] AndroidManifest.xml:10:18-89
79            android:directBootAware="true"
79-->[com.google.firebase:firebase-common:20.1.1] AndroidManifest.xml:35:13-43
80            android:exported="false" >
80-->[com.google.firebase:firebase-messaging:23.0.7] AndroidManifest.xml:55:13-37
81            <meta-data
81-->[:cloud_firestore] AndroidManifest.xml:11:13-13:85
82                android:name="com.google.firebase.components:io.flutter.plugins.firebase.firestore.FlutterFirebaseFirestoreRegistrar"
82-->[:cloud_firestore] AndroidManifest.xml:12:17-134
83                android:value="com.google.firebase.components.ComponentRegistrar" />
83-->[:cloud_firestore] AndroidManifest.xml:13:17-82
84            <meta-data
84-->[:firebase_auth] AndroidManifest.xml:11:13-13:85
85                android:name="com.google.firebase.components:io.flutter.plugins.firebase.auth.FlutterFirebaseAuthRegistrar"
85-->[:firebase_auth] AndroidManifest.xml:12:17-124
86                android:value="com.google.firebase.components.ComponentRegistrar" />
86-->[:firebase_auth] AndroidManifest.xml:13:17-82
87            <meta-data
87-->[:firebase_storage] AndroidManifest.xml:11:13-13:85
88                android:name="com.google.firebase.components:io.flutter.plugins.firebase.storage.FlutterFirebaseAppRegistrar"
88-->[:firebase_storage] AndroidManifest.xml:12:17-126
89                android:value="com.google.firebase.components.ComponentRegistrar" />
89-->[:firebase_storage] AndroidManifest.xml:13:17-82
90            <meta-data
90-->[:firebase_messaging] AndroidManifest.xml:38:13-40:85
91                android:name="com.google.firebase.components:io.flutter.plugins.firebase.messaging.FlutterFirebaseAppRegistrar"
91-->[:firebase_messaging] AndroidManifest.xml:39:17-128
92                android:value="com.google.firebase.components.ComponentRegistrar" />
92-->[:firebase_messaging] AndroidManifest.xml:40:17-82
93            <meta-data
93-->[:firebase_core] AndroidManifest.xml:11:13-13:85
94                android:name="com.google.firebase.components:io.flutter.plugins.firebase.core.FlutterFirebaseCoreRegistrar"
94-->[:firebase_core] AndroidManifest.xml:12:17-124
95                android:value="com.google.firebase.components.ComponentRegistrar" />
95-->[:firebase_core] AndroidManifest.xml:13:17-82
96            <meta-data
96-->[com.google.firebase:firebase-messaging:23.0.7] AndroidManifest.xml:56:13-58:85
97                android:name="com.google.firebase.components:com.google.firebase.messaging.FirebaseMessagingRegistrar"
97-->[com.google.firebase:firebase-messaging:23.0.7] AndroidManifest.xml:57:17-119
98                android:value="com.google.firebase.components.ComponentRegistrar" />
98-->[com.google.firebase:firebase-messaging:23.0.7] AndroidManifest.xml:58:17-82
99            <meta-data
99-->[com.google.firebase:firebase-auth:21.0.7] AndroidManifest.xml:67:13-69:85
100                android:name="com.google.firebase.components:com.google.firebase.auth.FirebaseAuthRegistrar"
100-->[com.google.firebase:firebase-auth:21.0.7] AndroidManifest.xml:68:17-109
101                android:value="com.google.firebase.components.ComponentRegistrar" />
101-->[com.google.firebase:firebase-auth:21.0.7] AndroidManifest.xml:69:17-82
102            <meta-data
102-->[com.google.firebase:firebase-firestore:24.2.2] AndroidManifest.xml:20:13-22:85
103                android:name="com.google.firebase.components:com.google.firebase.firestore.FirestoreRegistrar"
103-->[com.google.firebase:firebase-firestore:24.2.2] AndroidManifest.xml:21:17-111
104                android:value="com.google.firebase.components.ComponentRegistrar" />
104-->[com.google.firebase:firebase-firestore:24.2.2] AndroidManifest.xml:22:17-82
105            <meta-data
105-->[com.google.firebase:firebase-storage:20.0.1] AndroidManifest.xml:33:13-35:85
106                android:name="com.google.firebase.components:com.google.firebase.storage.StorageRegistrar"
106-->[com.google.firebase:firebase-storage:20.0.1] AndroidManifest.xml:34:17-107
107                android:value="com.google.firebase.components.ComponentRegistrar" />
107-->[com.google.firebase:firebase-storage:20.0.1] AndroidManifest.xml:35:17-82
108            <meta-data
108-->[com.google.firebase:firebase-datatransport:18.1.5] AndroidManifest.xml:28:13-30:85
109                android:name="com.google.firebase.components:com.google.firebase.datatransport.TransportRegistrar"
109-->[com.google.firebase:firebase-datatransport:18.1.5] AndroidManifest.xml:29:17-115
110                android:value="com.google.firebase.components.ComponentRegistrar" />
110-->[com.google.firebase:firebase-datatransport:18.1.5] AndroidManifest.xml:30:17-82
111            <meta-data
111-->[com.google.firebase:firebase-installations:17.0.1] AndroidManifest.xml:18:13-20:85
112                android:name="com.google.firebase.components:com.google.firebase.installations.FirebaseInstallationsRegistrar"
112-->[com.google.firebase:firebase-installations:17.0.1] AndroidManifest.xml:19:17-127
113                android:value="com.google.firebase.components.ComponentRegistrar" />
113-->[com.google.firebase:firebase-installations:17.0.1] AndroidManifest.xml:20:17-82
114        </service>
115        <service
115-->[:firebase_messaging] AndroidManifest.xml:16:9-19:72
116            android:name="io.flutter.plugins.firebase.messaging.FlutterFirebaseMessagingBackgroundService"
116-->[:firebase_messaging] AndroidManifest.xml:17:13-107
117            android:exported="false"
117-->[:firebase_messaging] AndroidManifest.xml:18:13-37
118            android:permission="android.permission.BIND_JOB_SERVICE" />
118-->[:firebase_messaging] AndroidManifest.xml:19:13-69
119        <service
119-->[:firebase_messaging] AndroidManifest.xml:20:9-26:19
120            android:name="io.flutter.plugins.firebase.messaging.FlutterFirebaseMessagingService"
120-->[:firebase_messaging] AndroidManifest.xml:21:13-97
121            android:exported="false" >
121-->[:firebase_messaging] AndroidManifest.xml:22:13-37
122            <intent-filter>
122-->[:firebase_messaging] AndroidManifest.xml:23:13-25:29
123                <action android:name="com.google.firebase.MESSAGING_EVENT" />
123-->[:firebase_messaging] AndroidManifest.xml:24:17-78
123-->[:firebase_messaging] AndroidManifest.xml:24:25-75
124            </intent-filter>
125        </service>
126
127        <receiver
127-->[:firebase_messaging] AndroidManifest.xml:28:9-35:20
128            android:name="io.flutter.plugins.firebase.messaging.FlutterFirebaseMessagingReceiver"
128-->[:firebase_messaging] AndroidManifest.xml:29:13-98
129            android:exported="true"
129-->[:firebase_messaging] AndroidManifest.xml:30:13-36
130            android:permission="com.google.android.c2dm.permission.SEND" >
130-->[:firebase_messaging] AndroidManifest.xml:31:13-73
131            <intent-filter>
131-->[:firebase_messaging] AndroidManifest.xml:32:13-34:29
132                <action android:name="com.google.android.c2dm.intent.RECEIVE" />
132-->[:firebase_messaging] AndroidManifest.xml:33:17-81
132-->[:firebase_messaging] AndroidManifest.xml:33:25-78
133            </intent-filter>
134        </receiver>
135
136        <provider
136-->[:firebase_messaging] AndroidManifest.xml:43:9-47:38
137            android:name="io.flutter.plugins.firebase.messaging.FlutterFirebaseMessagingInitProvider"
137-->[:firebase_messaging] AndroidManifest.xml:44:13-102
138            android:authorities="com.dfa.flutterchatdemo.flutterfirebasemessaginginitprovider"
138-->[:firebase_messaging] AndroidManifest.xml:45:13-88
139            android:exported="false"
139-->[:firebase_messaging] AndroidManifest.xml:46:13-37
140            android:initOrder="99" />
140-->[:firebase_messaging] AndroidManifest.xml:47:13-35
141        <provider
141-->[:image_picker_android] AndroidManifest.xml:10:9-18:20
142            android:name="io.flutter.plugins.imagepicker.ImagePickerFileProvider"
142-->[:image_picker_android] AndroidManifest.xml:11:13-82
143            android:authorities="com.dfa.flutterchatdemo.flutter.image_provider"
143-->[:image_picker_android] AndroidManifest.xml:12:13-74
144            android:exported="false"
144-->[:image_picker_android] AndroidManifest.xml:13:13-37
145            android:grantUriPermissions="true" >
145-->[:image_picker_android] AndroidManifest.xml:14:13-47
146            <meta-data
146-->[:image_picker_android] AndroidManifest.xml:15:13-17:75
147                android:name="android.support.FILE_PROVIDER_PATHS"
147-->[:image_picker_android] AndroidManifest.xml:16:17-67
148                android:resource="@xml/flutter_image_picker_file_paths" />
148-->[:image_picker_android] AndroidManifest.xml:17:17-72
149        </provider>
150
151        <receiver
151-->[:flutter_local_notifications] AndroidManifest.xml:16:9-18:40
152            android:name="com.dexterous.flutterlocalnotifications.ScheduledNotificationReceiver"
152-->[:flutter_local_notifications] AndroidManifest.xml:17:13-97
153            android:exported="false" />
153-->[:flutter_local_notifications] AndroidManifest.xml:18:13-37
154        <receiver
154-->[:flutter_local_notifications] AndroidManifest.xml:19:9-28:20
155            android:name="com.dexterous.flutterlocalnotifications.ScheduledNotificationBootReceiver"
155-->[:flutter_local_notifications] AndroidManifest.xml:20:13-101
156            android:exported="false" >
156-->[:flutter_local_notifications] AndroidManifest.xml:21:13-37
157            <intent-filter>
157-->[:flutter_local_notifications] AndroidManifest.xml:22:13-27:29
158                <action android:name="android.intent.action.BOOT_COMPLETED" />
158-->[:flutter_local_notifications] AndroidManifest.xml:23:17-79
158-->[:flutter_local_notifications] AndroidManifest.xml:23:25-76
159                <action android:name="android.intent.action.MY_PACKAGE_REPLACED" />
159-->[:flutter_local_notifications] AndroidManifest.xml:24:17-84
159-->[:flutter_local_notifications] AndroidManifest.xml:24:25-81
160                <action android:name="android.intent.action.QUICKBOOT_POWERON" />
160-->[:flutter_local_notifications] AndroidManifest.xml:25:17-82
160-->[:flutter_local_notifications] AndroidManifest.xml:25:25-79
161                <action android:name="com.htc.intent.action.QUICKBOOT_POWERON" />
161-->[:flutter_local_notifications] AndroidManifest.xml:26:17-82
161-->[:flutter_local_notifications] AndroidManifest.xml:26:25-79
162            </intent-filter>
163        </receiver>
164
165        <activity
165-->[:url_launcher_android] AndroidManifest.xml:10:9-13:74
166            android:name="io.flutter.plugins.urllauncher.WebViewActivity"
166-->[:url_launcher_android] AndroidManifest.xml:11:13-74
167            android:exported="false"
167-->[:url_launcher_android] AndroidManifest.xml:12:13-37
168            android:theme="@android:style/Theme.NoTitleBar.Fullscreen" />
168-->[:url_launcher_android] AndroidManifest.xml:13:13-71
169
170        <receiver
170-->[com.google.firebase:firebase-messaging:23.0.7] AndroidManifest.xml:32:9-39:20
171            android:name="com.google.firebase.iid.FirebaseInstanceIdReceiver"
171-->[com.google.firebase:firebase-messaging:23.0.7] AndroidManifest.xml:33:13-78
172            android:exported="true"
172-->[com.google.firebase:firebase-messaging:23.0.7] AndroidManifest.xml:34:13-36
173            android:permission="com.google.android.c2dm.permission.SEND" >
173-->[com.google.firebase:firebase-messaging:23.0.7] AndroidManifest.xml:35:13-73
174            <intent-filter>
174-->[:firebase_messaging] AndroidManifest.xml:32:13-34:29
175                <action android:name="com.google.android.c2dm.intent.RECEIVE" />
175-->[:firebase_messaging] AndroidManifest.xml:33:17-81
175-->[:firebase_messaging] AndroidManifest.xml:33:25-78
176            </intent-filter>
177        </receiver>
178        <!--
179             FirebaseMessagingService performs security checks at runtime,
180             but set to not exported to explicitly avoid allowing another app to call it.
181        -->
182        <service
182-->[com.google.firebase:firebase-messaging:23.0.7] AndroidManifest.xml:45:9-52:19
183            android:name="com.google.firebase.messaging.FirebaseMessagingService"
183-->[com.google.firebase:firebase-messaging:23.0.7] AndroidManifest.xml:46:13-82
184            android:directBootAware="true"
184-->[com.google.firebase:firebase-messaging:23.0.7] AndroidManifest.xml:47:13-43
185            android:exported="false" >
185-->[com.google.firebase:firebase-messaging:23.0.7] AndroidManifest.xml:48:13-37
186            <intent-filter android:priority="-500" >
186-->[:firebase_messaging] AndroidManifest.xml:23:13-25:29
187                <action android:name="com.google.firebase.MESSAGING_EVENT" />
187-->[:firebase_messaging] AndroidManifest.xml:24:17-78
187-->[:firebase_messaging] AndroidManifest.xml:24:25-75
188            </intent-filter>
189        </service>
190
191        <activity
191-->[com.google.firebase:firebase-auth:21.0.7] AndroidManifest.xml:27:9-44:20
192            android:name="com.google.firebase.auth.internal.GenericIdpActivity"
192-->[com.google.firebase:firebase-auth:21.0.7] AndroidManifest.xml:28:13-80
193            android:excludeFromRecents="true"
193-->[com.google.firebase:firebase-auth:21.0.7] AndroidManifest.xml:29:13-46
194            android:exported="true"
194-->[com.google.firebase:firebase-auth:21.0.7] AndroidManifest.xml:30:13-36
195            android:launchMode="singleTask"
195-->[com.google.firebase:firebase-auth:21.0.7] AndroidManifest.xml:31:13-44
196            android:theme="@android:style/Theme.Translucent.NoTitleBar" >
196-->[com.google.firebase:firebase-auth:21.0.7] AndroidManifest.xml:32:13-72
197            <intent-filter>
197-->[com.google.firebase:firebase-auth:21.0.7] AndroidManifest.xml:33:13-43:29
198                <action android:name="android.intent.action.VIEW" />
198-->[com.google.firebase:firebase-auth:21.0.7] AndroidManifest.xml:34:17-69
198-->[com.google.firebase:firebase-auth:21.0.7] AndroidManifest.xml:34:25-66
199
200                <category android:name="android.intent.category.DEFAULT" />
200-->src\main\AndroidManifest.xml:42:17-76
200-->src\main\AndroidManifest.xml:42:27-73
201                <category android:name="android.intent.category.BROWSABLE" />
201-->[com.google.firebase:firebase-auth:21.0.7] AndroidManifest.xml:37:17-78
201-->[com.google.firebase:firebase-auth:21.0.7] AndroidManifest.xml:37:27-75
202
203                <data
203-->[com.google.firebase:firebase-auth:21.0.7] AndroidManifest.xml:39:17-42:51
204                    android:host="firebase.auth"
204-->[com.google.firebase:firebase-auth:21.0.7] AndroidManifest.xml:40:21-49
205                    android:path="/"
205-->[com.google.firebase:firebase-auth:21.0.7] AndroidManifest.xml:41:21-37
206                    android:scheme="genericidp" />
206-->[com.google.firebase:firebase-auth:21.0.7] AndroidManifest.xml:42:21-48
207            </intent-filter>
208        </activity>
209        <activity
209-->[com.google.firebase:firebase-auth:21.0.7] AndroidManifest.xml:45:9-62:20
210            android:name="com.google.firebase.auth.internal.RecaptchaActivity"
210-->[com.google.firebase:firebase-auth:21.0.7] AndroidManifest.xml:46:13-79
211            android:excludeFromRecents="true"
211-->[com.google.firebase:firebase-auth:21.0.7] AndroidManifest.xml:47:13-46
212            android:exported="true"
212-->[com.google.firebase:firebase-auth:21.0.7] AndroidManifest.xml:48:13-36
213            android:launchMode="singleTask"
213-->[com.google.firebase:firebase-auth:21.0.7] AndroidManifest.xml:49:13-44
214            android:theme="@android:style/Theme.Translucent.NoTitleBar" >
214-->[com.google.firebase:firebase-auth:21.0.7] AndroidManifest.xml:50:13-72
215            <intent-filter>
215-->[com.google.firebase:firebase-auth:21.0.7] AndroidManifest.xml:51:13-61:29
216                <action android:name="android.intent.action.VIEW" />
216-->[com.google.firebase:firebase-auth:21.0.7] AndroidManifest.xml:34:17-69
216-->[com.google.firebase:firebase-auth:21.0.7] AndroidManifest.xml:34:25-66
217
218                <category android:name="android.intent.category.DEFAULT" />
218-->src\main\AndroidManifest.xml:42:17-76
218-->src\main\AndroidManifest.xml:42:27-73
219                <category android:name="android.intent.category.BROWSABLE" />
219-->[com.google.firebase:firebase-auth:21.0.7] AndroidManifest.xml:37:17-78
219-->[com.google.firebase:firebase-auth:21.0.7] AndroidManifest.xml:37:27-75
220
221                <data
221-->[com.google.firebase:firebase-auth:21.0.7] AndroidManifest.xml:39:17-42:51
222                    android:host="firebase.auth"
222-->[com.google.firebase:firebase-auth:21.0.7] AndroidManifest.xml:40:21-49
223                    android:path="/"
223-->[com.google.firebase:firebase-auth:21.0.7] AndroidManifest.xml:41:21-37
224                    android:scheme="recaptcha" />
224-->[com.google.firebase:firebase-auth:21.0.7] AndroidManifest.xml:42:21-48
225            </intent-filter>
226        </activity>
227
228        <provider
228-->[com.google.firebase:firebase-common:20.1.1] AndroidManifest.xml:26:9-31:39
229            android:name="com.google.firebase.provider.FirebaseInitProvider"
229-->[com.google.firebase:firebase-common:20.1.1] AndroidManifest.xml:27:13-77
230            android:authorities="com.dfa.flutterchatdemo.firebaseinitprovider"
230-->[com.google.firebase:firebase-common:20.1.1] AndroidManifest.xml:28:13-72
231            android:directBootAware="true"
231-->[com.google.firebase:firebase-common:20.1.1] AndroidManifest.xml:29:13-43
232            android:exported="false"
232-->[com.google.firebase:firebase-common:20.1.1] AndroidManifest.xml:30:13-37
233            android:initOrder="100" />
233-->[com.google.firebase:firebase-common:20.1.1] AndroidManifest.xml:31:13-36
234
235        <activity
235-->[com.google.android.gms:play-services-auth:20.0.1] AndroidManifest.xml:23:9-27:75
236            android:name="com.google.android.gms.auth.api.signin.internal.SignInHubActivity"
236-->[com.google.android.gms:play-services-auth:20.0.1] AndroidManifest.xml:24:13-93
237            android:excludeFromRecents="true"
237-->[com.google.android.gms:play-services-auth:20.0.1] AndroidManifest.xml:25:13-46
238            android:exported="false"
238-->[com.google.android.gms:play-services-auth:20.0.1] AndroidManifest.xml:26:13-37
239            android:theme="@android:style/Theme.Translucent.NoTitleBar" />
239-->[com.google.android.gms:play-services-auth:20.0.1] AndroidManifest.xml:27:13-72
240        <!--
241            Service handling Google Sign-In user revocation. For apps that do not integrate with
242            Google Sign-In, this service will never be started.
243        -->
244        <service
244-->[com.google.android.gms:play-services-auth:20.0.1] AndroidManifest.xml:33:9-37:51
245            android:name="com.google.android.gms.auth.api.signin.RevocationBoundService"
245-->[com.google.android.gms:play-services-auth:20.0.1] AndroidManifest.xml:34:13-89
246            android:exported="true"
246-->[com.google.android.gms:play-services-auth:20.0.1] AndroidManifest.xml:35:13-36
247            android:permission="com.google.android.gms.auth.api.signin.permission.REVOCATION_NOTIFICATION"
247-->[com.google.android.gms:play-services-auth:20.0.1] AndroidManifest.xml:36:13-107
248            android:visibleToInstantApps="true" />
248-->[com.google.android.gms:play-services-auth:20.0.1] AndroidManifest.xml:37:13-48
249
250        <activity
250-->[com.google.android.gms:play-services-base:18.0.1] AndroidManifest.xml:20:9-22:45
251            android:name="com.google.android.gms.common.api.GoogleApiActivity"
251-->[com.google.android.gms:play-services-base:18.0.1] AndroidManifest.xml:20:19-85
252            android:exported="false"
252-->[com.google.android.gms:play-services-base:18.0.1] AndroidManifest.xml:22:19-43
253            android:theme="@android:style/Theme.Translucent.NoTitleBar" />
253-->[com.google.android.gms:play-services-base:18.0.1] AndroidManifest.xml:21:19-78
254
255        <meta-data
255-->[com.google.android.gms:play-services-basement:18.0.0] AndroidManifest.xml:21:9-23:69
256            android:name="com.google.android.gms.version"
256-->[com.google.android.gms:play-services-basement:18.0.0] AndroidManifest.xml:22:13-58
257            android:value="@integer/google_play_services_version" />
257-->[com.google.android.gms:play-services-basement:18.0.0] AndroidManifest.xml:23:13-66
258
259        <uses-library
259-->[androidx.window:window:1.0.0-beta04] AndroidManifest.xml:25:9-27:40
260            android:name="androidx.window.extensions"
260-->[androidx.window:window:1.0.0-beta04] AndroidManifest.xml:26:13-54
261            android:required="false" />
261-->[androidx.window:window:1.0.0-beta04] AndroidManifest.xml:27:13-37
262        <uses-library
262-->[androidx.window:window:1.0.0-beta04] AndroidManifest.xml:28:9-30:40
263            android:name="androidx.window.sidecar"
263-->[androidx.window:window:1.0.0-beta04] AndroidManifest.xml:29:13-51
264            android:required="false" />
264-->[androidx.window:window:1.0.0-beta04] AndroidManifest.xml:30:13-37
265
266        <service
266-->[com.google.android.datatransport:transport-backend-cct:3.1.6] AndroidManifest.xml:29:9-35:19
267            android:name="com.google.android.datatransport.runtime.backends.TransportBackendDiscovery"
267-->[com.google.android.datatransport:transport-backend-cct:3.1.6] AndroidManifest.xml:30:13-103
268            android:exported="false" >
268-->[com.google.android.datatransport:transport-backend-cct:3.1.6] AndroidManifest.xml:31:13-37
269            <meta-data
269-->[com.google.android.datatransport:transport-backend-cct:3.1.6] AndroidManifest.xml:32:13-34:39
270                android:name="backend:com.google.android.datatransport.cct.CctBackendFactory"
270-->[com.google.android.datatransport:transport-backend-cct:3.1.6] AndroidManifest.xml:33:17-94
271                android:value="cct" />
271-->[com.google.android.datatransport:transport-backend-cct:3.1.6] AndroidManifest.xml:34:17-36
272        </service>
273        <service
273-->[com.google.android.datatransport:transport-runtime:3.1.6] AndroidManifest.xml:26:9-30:19
274            android:name="com.google.android.datatransport.runtime.scheduling.jobscheduling.JobInfoSchedulerService"
274-->[com.google.android.datatransport:transport-runtime:3.1.6] AndroidManifest.xml:27:13-117
275            android:exported="false"
275-->[com.google.android.datatransport:transport-runtime:3.1.6] AndroidManifest.xml:28:13-37
276            android:permission="android.permission.BIND_JOB_SERVICE" >
276-->[com.google.android.datatransport:transport-runtime:3.1.6] AndroidManifest.xml:29:13-69
277        </service>
278
279        <receiver
279-->[com.google.android.datatransport:transport-runtime:3.1.6] AndroidManifest.xml:32:9-34:40
280            android:name="com.google.android.datatransport.runtime.scheduling.jobscheduling.AlarmManagerSchedulerBroadcastReceiver"
280-->[com.google.android.datatransport:transport-runtime:3.1.6] AndroidManifest.xml:33:13-132
281            android:exported="false" />
281-->[com.google.android.datatransport:transport-runtime:3.1.6] AndroidManifest.xml:34:13-37
282    </application>
283